android/app/build/intermediates/manifest_merge_blame_file/debug/manifest-merger-blame-debug-report.txt
1<?xml version="1.0" encoding="utf-8"?>
2<manifest xmlns:android="http://schemas.android.com/apk/res/android"
3    package="io.ionic.starter"
4    android:versionCode="1"
5    android:versionName="1.0" >
6
7    <uses-sdk
8        android:minSdkVersion="21"
8-->src/main/AndroidManifest.xml
9        android:targetSdkVersion="29" />
9-->src/main/AndroidManifest.xml
10
11    <!-- Permissions -->
12
13    <uses-permission android:name="android.permission.INTERNET" />
13-->src/main/AndroidManifest.xml:49:5-67
13-->src/main/AndroidManifest.xml:49:22-64
14    <!-- Camera, Photos, input file -->
15    <uses-permission android:name="android.permission.READ_EXTERNAL_STORAGE" />
15-->src/main/AndroidManifest.xml:51:5-79
15-->src/main/AndroidManifest.xml:51:22-77
16    <uses-permission android:name="android.permission.WRITE_EXTERNAL_STORAGE" />
16-->src/main/AndroidManifest.xml:52:5-81
16-->src/main/AndroidManifest.xml:52:22-78
17    <!-- Geolocation API -->
18    <uses-permission android:name="android.permission.ACCESS_COARSE_LOCATION" />
18-->src/main/AndroidManifest.xml:54:5-81
18-->src/main/AndroidManifest.xml:54:22-78
19    <uses-permission android:name="android.permission.ACCESS_FINE_LOCATION" />
19-->src/main/AndroidManifest.xml:55:5-79
19-->src/main/AndroidManifest.xml:55:22-76
20
21    <uses-feature android:name="android.hardware.location.gps" />
21-->src/main/AndroidManifest.xml:56:5-66
21-->src/main/AndroidManifest.xml:56:19-63
22    <!-- Network API -->
23    <uses-permission android:name="android.permission.ACCESS_NETWORK_STATE" />
23-->src/main/AndroidManifest.xml:58:5-79
23-->src/main/AndroidManifest.xml:58:22-76
24    <!-- Navigator.getUserMedia -->
25    <!-- Video -->
26    <uses-permission android:name="android.permission.CAMERA" />
26-->src/main/AndroidManifest.xml:61:5-65
26-->src/main/AndroidManifest.xml:61:22-62
27    <!-- Audio -->
28    <uses-permission android:name="android.permission.RECORD_AUDIO" />
28-->src/main/AndroidManifest.xml:63:5-71
28-->src/main/AndroidManifest.xml:63:22-68
29    <uses-permission android:name="android.permission.MODIFY_AUDIO_SETTINGS" />
29-->src/main/AndroidManifest.xml:64:5-79
29-->src/main/AndroidManifest.xml:64:22-77
30    <uses-permission android:name="com.android.vending.BILLING" /> <!-- for android -->
30-->[:capacitor-cordova-android-plugins] AndroidManifest.xml:12:5-67
30-->[:capacitor-cordova-android-plugins] AndroidManifest.xml:12:22-64
31    <!-- <uses-permission android:name="com.android.launcher.permission.READ_SETTINGS"/> -->
32    <!-- <uses-permission android:name="com.android.launcher.permission.WRITE_SETTINGS"/> -->
33    <!-- <uses-permission android:name="com.android.launcher.permission.INSTALL_SHORTCUT" /> -->
34    <!-- <uses-permission android:name="com.android.launcher.permission.UNINSTALL_SHORTCUT" /> -->
35    <!-- for Samsung -->
36    <uses-permission android:name="com.sec.android.provider.badge.permission.READ" />
36-->[me.leolin:ShortcutBadger:1.1.22] AndroidManifest.xml:19:5-86
36-->[me.leolin:ShortcutBadger:1.1.22] AndroidManifest.xml:19:22-83
37    <uses-permission android:name="com.sec.android.provider.badge.permission.WRITE" /> <!-- for htc -->
37-->[me.leolin:ShortcutBadger:1.1.22] AndroidManifest.xml:20:5-87
37-->[me.leolin:ShortcutBadger:1.1.22] AndroidManifest.xml:20:22-84
38    <uses-permission android:name="com.htc.launcher.permission.READ_SETTINGS" />
38-->[me.leolin:ShortcutBadger:1.1.22] AndroidManifest.xml:23:5-81
38-->[me.leolin:ShortcutBadger:1.1.22] AndroidManifest.xml:23:22-78
39    <uses-permission android:name="com.htc.launcher.permission.UPDATE_SHORTCUT" /> <!-- for sony -->
39-->[me.leolin:ShortcutBadger:1.1.22] AndroidManifest.xml:24:5-83
39-->[me.leolin:ShortcutBadger:1.1.22] AndroidManifest.xml:24:22-80
40    <uses-permission android:name="com.sonyericsson.home.permission.BROADCAST_BADGE" />
40-->[me.leolin:ShortcutBadger:1.1.22] AndroidManifest.xml:27:5-88
40-->[me.leolin:ShortcutBadger:1.1.22] AndroidManifest.xml:27:22-85
41    <uses-permission android:name="com.sonymobile.home.permission.PROVIDER_INSERT_BADGE" /> <!-- for apex -->
41-->[me.leolin:ShortcutBadger:1.1.22] AndroidManifest.xml:28:5-92
41-->[me.leolin:ShortcutBadger:1.1.22] AndroidManifest.xml:28:22-89
42    <uses-permission android:name="com.anddoes.launcher.permission.UPDATE_COUNT" /> <!-- for solid -->
42-->[me.leolin:ShortcutBadger:1.1.22] AndroidManifest.xml:31:5-84
42-->[me.leolin:ShortcutBadger:1.1.22] AndroidManifest.xml:31:22-81
43    <uses-permission android:name="com.majeur.launcher.permission.UPDATE_BADGE" /> <!-- for huawei -->
43-->[me.leolin:ShortcutBadger:1.1.22] AndroidManifest.xml:34:5-83
43-->[me.leolin:ShortcutBadger:1.1.22] AndroidManifest.xml:34:22-80
44    <uses-permission android:name="com.huawei.android.launcher.permission.CHANGE_BADGE" />
44-->[me.leolin:ShortcutBadger:1.1.22] AndroidManifest.xml:37:5-91
44-->[me.leolin:ShortcutBadger:1.1.22] AndroidManifest.xml:37:22-88
45    <uses-permission android:name="com.huawei.android.launcher.permission.READ_SETTINGS" />
45-->[me.leolin:ShortcutBadger:1.1.22] AndroidManifest.xml:38:5-92
45-->[me.leolin:ShortcutBadger:1.1.22] AndroidManifest.xml:38:22-89
46    <uses-permission android:name="com.huawei.android.launcher.permission.WRITE_SETTINGS" /> <!-- for ZUK -->
46-->[me.leolin:ShortcutBadger:1.1.22] AndroidManifest.xml:39:5-93
46-->[me.leolin:ShortcutBadger:1.1.22] AndroidManifest.xml:39:22-90
47    <uses-permission android:name="android.permission.READ_APP_BADGE" /> <!-- for OPPO -->
47-->[me.leolin:ShortcutBadger:1.1.22] AndroidManifest.xml:42:5-73
47-->[me.leolin:ShortcutBadger:1.1.22] AndroidManifest.xml:42:22-70
48    <uses-permission android:name="com.oppo.launcher.permission.READ_SETTINGS" />
48-->[me.leolin:ShortcutBadger:1.1.22] AndroidManifest.xml:45:5-82
48-->[me.leolin:ShortcutBadger:1.1.22] AndroidManifest.xml:45:22-79
49    <uses-permission android:name="com.oppo.launcher.permission.WRITE_SETTINGS" /> <!-- for EvMe -->
49-->[me.leolin:ShortcutBadger:1.1.22] AndroidManifest.xml:46:5-83
49-->[me.leolin:ShortcutBadger:1.1.22] AndroidManifest.xml:46:22-80
50    <uses-permission android:name="me.everything.badger.permission.BADGE_COUNT_READ" />
50-->[me.leolin:ShortcutBadger:1.1.22] AndroidManifest.xml:49:5-88
50-->[me.leolin:ShortcutBadger:1.1.22] AndroidManifest.xml:49:22-85
51    <uses-permission android:name="me.everything.badger.permission.BADGE_COUNT_WRITE" />
51-->[me.leolin:ShortcutBadger:1.1.22] AndroidManifest.xml:50:5-89
51-->[me.leolin:ShortcutBadger:1.1.22] AndroidManifest.xml:50:22-86
52
53    <uses-feature
53-->[:capacitor-android] AndroidManifest.xml:11:5-13:36
54        android:name="android.hardware.camera"
54-->[:capacitor-android] AndroidManifest.xml:12:9-47
55        android:required="false" />
55-->[:capacitor-android] AndroidManifest.xml:13:9-33
56
57    <uses-permission android:name="android.permission.RECEIVE_BOOT_COMPLETED" />
57-->[:capacitor-android] AndroidManifest.xml:15:5-81
57-->[:capacitor-android] AndroidManifest.xml:15:22-78
58    <uses-permission android:name="android.permission.WAKE_LOCK" /> <!-- Required by older versions of Google Play services to create IID tokens -->
58-->[:capacitor-android] AndroidManifest.xml:16:5-68
58-->[:capacitor-android] AndroidManifest.xml:16:22-65
59    <uses-permission android:name="com.google.android.c2dm.permission.RECEIVE" />
59-->[com.google.firebase:firebase-iid:20.1.1] AndroidManifest.xml:26:5-82
59-->[com.google.firebase:firebase-iid:20.1.1] AndroidManifest.xml:26:22-79
60
61    <application
61-->src/main/AndroidManifest.xml:5:5-45:19
62        android:allowBackup="true"
62-->src/main/AndroidManifest.xml:6:9-35
63        android:appComponentFactory="androidx.core.app.CoreComponentFactory"
63-->[androidx.core:core:1.2.0] AndroidManifest.xml:24:18-86
64        android:debuggable="true"
65        android:icon="@mipmap/ic_launcher"
65-->src/main/AndroidManifest.xml:7:9-43
66        android:label="@string/app_name"
66-->src/main/AndroidManifest.xml:8:9-41
67        android:roundIcon="@mipmap/ic_launcher_round"
67-->src/main/AndroidManifest.xml:9:9-54
68        android:supportsRtl="true"
68-->src/main/AndroidManifest.xml:10:9-35
69        android:testOnly="true"
70        android:theme="@style/AppTheme" >
70-->src/main/AndroidManifest.xml:11:9-40
71        <meta-data
71-->src/main/AndroidManifest.xml:13:9-115
72            android:name="com.google.android.gms.ads.APPLICATION_ID"
72-->src/main/AndroidManifest.xml:13:20-76
73            android:value="@string/admob_app_id" />
73-->src/main/AndroidManifest.xml:13:77-113
74
75        <activity
75-->src/main/AndroidManifest.xml:15:9-34:20
76            android:name="io.ionic.starter.MainActivity"
76-->src/main/AndroidManifest.xml:17:13-57
77            android:configChanges="orientation|keyboardHidden|keyboard|screenSize|locale|smallestScreenSize|screenLayout|uiMode"
77-->src/main/AndroidManifest.xml:16:13-129
78            android:label="@string/title_activity_main"
78-->src/main/AndroidManifest.xml:18:13-56
79            android:launchMode="singleTask"
79-->src/main/AndroidManifest.xml:20:13-44
80            android:theme="@style/AppTheme.NoActionBarLaunch" >
80-->src/main/AndroidManifest.xml:19:13-62
81            <intent-filter>
81-->src/main/AndroidManifest.xml:22:13-25:29
82                <action android:name="android.intent.action.MAIN" />
82-->src/main/AndroidManifest.xml:23:17-69
82-->src/main/AndroidManifest.xml:23:25-66
83
84                <category android:name="android.intent.category.LAUNCHER" />
84-->src/main/AndroidManifest.xml:24:17-77
84-->src/main/AndroidManifest.xml:24:27-74
85            </intent-filter>
86            <intent-filter>
86-->src/main/AndroidManifest.xml:27:13-32:29
87                <action android:name="android.intent.action.VIEW" />
87-->src/main/AndroidManifest.xml:28:17-69
87-->src/main/AndroidManifest.xml:28:25-66
88
89                <category android:name="android.intent.category.DEFAULT" />
89-->src/main/AndroidManifest.xml:29:17-76
89-->src/main/AndroidManifest.xml:29:27-73
90                <category android:name="android.intent.category.BROWSABLE" />
90-->src/main/AndroidManifest.xml:30:17-78
90-->src/main/AndroidManifest.xml:30:27-75
91
92                <data android:scheme="@string/custom_url_scheme" />
92-->src/main/AndroidManifest.xml:31:17-68
92-->src/main/AndroidManifest.xml:31:23-65
93            </intent-filter>
94        </activity>
95
96        <provider
97            android:name="androidx.core.content.FileProvider"
97-->src/main/AndroidManifest.xml:37:13-62
98            android:authorities="io.ionic.starter.fileprovider"
98-->src/main/AndroidManifest.xml:38:13-64
99            android:exported="false"
99-->src/main/AndroidManifest.xml:39:13-37
100            android:grantUriPermissions="true" >
100-->src/main/AndroidManifest.xml:40:13-47
101            <meta-data
101-->src/main/AndroidManifest.xml:41:13-43:64
102                android:name="android.support.FILE_PROVIDER_PATHS"
102-->src/main/AndroidManifest.xml:42:17-67
103                android:resource="@xml/file_paths" />
103-->src/main/AndroidManifest.xml:43:17-51
104        </provider>
105
106        <activity
106-->[:capacitor-cordova-android-plugins] AndroidManifest.xml:16:9-19:51
107            android:name="com.hutchind.cordova.plugins.streamingmedia.SimpleAudioStream"
107-->[:capacitor-cordova-android-plugins] AndroidManifest.xml:17:13-89
108            android:configChanges="orientation|screenSize"
108-->[:capacitor-cordova-android-plugins] AndroidManifest.xml:18:13-59
109            android:label="Simple Audio Stream" />
109-->[:capacitor-cordova-android-plugins] AndroidManifest.xml:19:13-48
110        <activity
110-->[:capacitor-cordova-android-plugins] AndroidManifest.xml:20:9-23:51
111            android:name="com.hutchind.cordova.plugins.streamingmedia.SimpleVideoStream"
111-->[:capacitor-cordova-android-plugins] AndroidManifest.xml:21:13-89
112            android:configChanges="orientation|screenSize"
112-->[:capacitor-cordova-android-plugins] AndroidManifest.xml:22:13-59
113            android:label="Simple Video Stream" />
113-->[:capacitor-cordova-android-plugins] AndroidManifest.xml:23:13-48
114
115        <service
115-->[:capacitor-android] AndroidManifest.xml:19:9-21:40
116            android:name="com.getcapacitor.plugin.background.BackgroundTaskService"
116-->[:capacitor-android] AndroidManifest.xml:20:13-84
117            android:exported="false" />
117-->[:capacitor-android] AndroidManifest.xml:21:13-37
118
119        <receiver android:name="com.getcapacitor.plugin.notification.TimedNotificationPublisher" />
119-->[:capacitor-android] AndroidManifest.xml:23:9-100
119-->[:capacitor-android] AndroidManifest.xml:23:19-97
120        <receiver android:name="com.getcapacitor.plugin.notification.NotificationDismissReceiver" />
120-->[:capacitor-android] AndroidManifest.xml:24:9-101
120-->[:capacitor-android] AndroidManifest.xml:24:19-98
121
122        <meta-data
122-->[:capacitor-android] AndroidManifest.xml:26:9-28:37
123            android:name="firebase_messaging_auto_init_enabled"
123-->[:capacitor-android] AndroidManifest.xml:27:13-64
124            android:value="false" />
124-->[:capacitor-android] AndroidManifest.xml:28:13-34
125
126        <service
126-->[:capacitor-android] AndroidManifest.xml:30:9-36:19
127            android:name="com.getcapacitor.CapacitorFirebaseMessagingService"
127-->[:capacitor-android] AndroidManifest.xml:31:13-78
128            android:stopWithTask="false" >
128-->[:capacitor-android] AndroidManifest.xml:32:13-41
129            <intent-filter>
129-->[:capacitor-android] AndroidManifest.xml:33:13-35:29
130                <action android:name="com.google.firebase.MESSAGING_EVENT" />
130-->[:capacitor-android] AndroidManifest.xml:34:17-78
130-->[:capacitor-android] AndroidManifest.xml:34:25-75
131            </intent-filter>
132        </service>
133
134        <receiver
134-->[:capacitor-android] AndroidManifest.xml:38:9-47:20
135            android:name="com.getcapacitor.plugin.notification.LocalNotificationRestoreReceiver"
135-->[:capacitor-android] AndroidManifest.xml:39:13-97
136            android:directBootAware="true"
136-->[:capacitor-android] AndroidManifest.xml:40:13-43
137            android:exported="false" >
137-->[:capacitor-android] AndroidManifest.xml:41:13-37
138            <intent-filter>
138-->[:capacitor-android] AndroidManifest.xml:42:13-46:29
139                <action android:name="android.intent.action.LOCKED_BOOT_COMPLETED" />
139-->[:capacitor-android] AndroidManifest.xml:43:17-86
139-->[:capacitor-android] AndroidManifest.xml:43:25-83
140                <action android:name="android.intent.action.BOOT_COMPLETED" />
140-->[:capacitor-android] AndroidManifest.xml:44:17-79
140-->[:capacitor-android] AndroidManifest.xml:44:25-76
141                <action android:name="android.intent.action.QUICKBOOT_POWERON" />
141-->[:capacitor-android] AndroidManifest.xml:45:17-82
141-->[:capacitor-android] AndroidManifest.xml:45:25-79
142            </intent-filter>
143        </receiver>
144
145        <meta-data
145-->[com.android.billingclient:billing:2.0.3] AndroidManifest.xml:13:9-15:37
146            android:name="com.google.android.play.billingclient.version"
146-->[com.android.billingclient:billing:2.0.3] AndroidManifest.xml:14:13-73
147            android:value="2.0.3" />
147-->[com.android.billingclient:billing:2.0.3] AndroidManifest.xml:15:13-34
148
149        <activity
149-->[com.android.billingclient:billing:2.0.3] AndroidManifest.xml:17:9-20:75
150            android:name="com.android.billingclient.api.ProxyBillingActivity"
150-->[com.android.billingclient:billing:2.0.3] AndroidManifest.xml:18:13-78
151            android:configChanges="keyboard|keyboardHidden|screenLayout|screenSize|orientation"
151-->[com.android.billingclient:billing:2.0.3] AndroidManifest.xml:19:13-96
152            android:theme="@android:style/Theme.Translucent.NoTitleBar" />
152-->[com.android.billingclient:billing:2.0.3] AndroidManifest.xml:20:13-72
153        <!--
154             FirebaseMessagingService performs security checks at runtime,
155             but set to not exported to explicitly avoid allowing another app to call it.
156        -->
157        <service
157-->[com.google.firebase:firebase-messaging:20.1.2] AndroidManifest.xml:28:9-34:19
158            android:name="com.google.firebase.messaging.FirebaseMessagingService"
158-->[com.google.firebase:firebase-messaging:20.1.2] AndroidManifest.xml:29:13-82
159            android:exported="false" >
159-->[com.google.firebase:firebase-messaging:20.1.2] AndroidManifest.xml:30:13-37
160            <intent-filter android:priority="-500" >
160-->[:capacitor-android] AndroidManifest.xml:33:13-35:29
161                <action android:name="com.google.firebase.MESSAGING_EVENT" />
161-->[:capacitor-android] AndroidManifest.xml:34:17-78
161-->[:capacitor-android] AndroidManifest.xml:34:25-75
162            </intent-filter>
163        </service>
164        <service
164-->[com.google.firebase:firebase-messaging:20.1.2] AndroidManifest.xml:35:9-41:19
165            android:name="com.google.firebase.components.ComponentDiscoveryService"
165-->[com.google.firebase:firebase-messaging:20.1.2] AndroidManifest.xml:36:13-84
166            android:directBootAware="true"
166-->[com.google.firebase:firebase-common:19.3.0] AndroidManifest.xml:34:13-43
167            android:exported="false" >
167-->[com.google.firebase:firebase-messaging:20.1.2] AndroidManifest.xml:37:13-37
168            <meta-data
168-->[com.google.firebase:firebase-messaging:20.1.2] AndroidManifest.xml:38:13-40:85
169                android:name="com.google.firebase.components:com.google.firebase.messaging.FirebaseMessagingRegistrar"
169-->[com.google.firebase:firebase-messaging:20.1.2] AndroidManifest.xml:39:17-119
170                android:value="com.google.firebase.components.ComponentRegistrar" />
170-->[com.google.firebase:firebase-messaging:20.1.2] AndroidManifest.xml:40:17-82
171            <meta-data
171-->[com.google.firebase:firebase-datatransport:17.0.3] AndroidManifest.xml:28:13-30:85
172                android:name="com.google.firebase.components:com.google.firebase.datatransport.TransportRegistrar"
172-->[com.google.firebase:firebase-datatransport:17.0.3] AndroidManifest.xml:29:17-115
173                android:value="com.google.firebase.components.ComponentRegistrar" />
173-->[com.google.firebase:firebase-datatransport:17.0.3] AndroidManifest.xml:30:17-82
174            <meta-data
174-->[com.google.firebase:firebase-iid:20.1.1] AndroidManifest.xml:32:13-34:85
175                android:name="com.google.firebase.components:com.google.firebase.iid.Registrar"
175-->[com.google.firebase:firebase-iid:20.1.1] AndroidManifest.xml:33:17-96
176                android:value="com.google.firebase.components.ComponentRegistrar" />
176-->[com.google.firebase:firebase-iid:20.1.1] AndroidManifest.xml:34:17-82
177            <meta-data
177-->[com.google.firebase:firebase-installations:16.0.0] AndroidManifest.xml:17:13-19:85
178                android:name="com.google.firebase.components:com.google.firebase.installations.FirebaseInstallationsRegistrar"
178-->[com.google.firebase:firebase-installations:16.0.0] AndroidManifest.xml:18:17-127
179                android:value="com.google.firebase.components.ComponentRegistrar" />
179-->[com.google.firebase:firebase-installations:16.0.0] AndroidManifest.xml:19:17-82
180        </service>
181
182        <receiver
182-->[com.google.firebase:firebase-iid:20.1.1] AndroidManifest.xml:37:9-44:20
183            android:name="com.google.firebase.iid.FirebaseInstanceIdReceiver"
183-->[com.google.firebase:firebase-iid:20.1.1] AndroidManifest.xml:38:13-78
184            android:exported="true"
184-->[com.google.firebase:firebase-iid:20.1.1] AndroidManifest.xml:39:13-36
185            android:permission="com.google.android.c2dm.permission.SEND" >
185-->[com.google.firebase:firebase-iid:20.1.1] AndroidManifest.xml:40:13-73
186            <intent-filter>
186-->[com.google.firebase:firebase-iid:20.1.1] AndroidManifest.xml:41:13-43:29
187                <action android:name="com.google.android.c2dm.intent.RECEIVE" />
187-->[com.google.firebase:firebase-iid:20.1.1] AndroidManifest.xml:42:17-81
187-->[com.google.firebase:firebase-iid:20.1.1] AndroidManifest.xml:42:25-78
188            </intent-filter>
189        </receiver>
190
191        <provider
191-->[com.google.firebase:firebase-common:19.3.0] AndroidManifest.xml:26:9-30:39
192            android:name="com.google.firebase.provider.FirebaseInitProvider"
192-->[com.google.firebase:firebase-common:19.3.0] AndroidManifest.xml:27:13-77
193            android:authorities="io.ionic.starter.firebaseinitprovider"
193-->[com.google.firebase:firebase-common:19.3.0] AndroidManifest.xml:28:13-72
194            android:exported="false"
194-->[com.google.firebase:firebase-common:19.3.0] AndroidManifest.xml:29:13-37
195            android:initOrder="100" />
195-->[com.google.firebase:firebase-common:19.3.0] AndroidManifest.xml:30:13-36
196
197        <activity
197-->[com.google.android.gms:play-services-base:17.0.0] AndroidManifest.xml:23:9-26:75
198            android:name="com.google.android.gms.common.api.GoogleApiActivity"
198-->[com.google.android.gms:play-services-base:17.0.0] AndroidManifest.xml:24:13-79
199            android:exported="false"
199-->[com.google.android.gms:play-services-base:17.0.0] AndroidManifest.xml:25:13-37
200            android:theme="@android:style/Theme.Translucent.NoTitleBar" /> <!-- Include the AdActivity and InAppPurchaseActivity configChanges and themes. -->
200-->[com.google.android.gms:play-services-base:17.0.0] AndroidManifest.xml:26:13-72
201        <activity
201-->[com.google.android.gms:play-services-ads-lite:19.1.0] AndroidManifest.xml:29:9-33:64
202            android:name="com.google.android.gms.ads.AdActivity"
202-->[com.google.android.gms:play-services-ads-lite:19.1.0] AndroidManifest.xml:30:13-65
203            android:configChanges="keyboard|keyboardHidden|orientation|screenLayout|uiMode|screenSize|smallestScreenSize"
203-->[com.google.android.gms:play-services-ads-lite:19.1.0] AndroidManifest.xml:31:13-122
204            android:exported="false"
204-->[com.google.android.gms:play-services-ads-lite:19.1.0] AndroidManifest.xml:32:13-37
205            android:theme="@android:style/Theme.Translucent" />
205-->[com.google.android.gms:play-services-ads-lite:19.1.0] AndroidManifest.xml:33:13-61
206
207        <provider
207-->[com.google.android.gms:play-services-ads-lite:19.1.0] AndroidManifest.xml:35:9-39:39
208            android:name="com.google.android.gms.ads.MobileAdsInitProvider"
208-->[com.google.android.gms:play-services-ads-lite:19.1.0] AndroidManifest.xml:36:13-76
209            android:authorities="io.ionic.starter.mobileadsinitprovider"
209-->[com.google.android.gms:play-services-ads-lite:19.1.0] AndroidManifest.xml:37:13-73
210            android:exported="false"
210-->[com.google.android.gms:play-services-ads-lite:19.1.0] AndroidManifest.xml:38:13-37
211            android:initOrder="100" />
211-->[com.google.android.gms:play-services-ads-lite:19.1.0] AndroidManifest.xml:39:13-36
212
213        <meta-data
213-->[com.google.android.gms:play-services-basement:17.0.0] AndroidManifest.xml:23:9-25:69
214            android:name="com.google.android.gms.version"
214-->[com.google.android.gms:play-services-basement:17.0.0] AndroidManifest.xml:24:13-58
215            android:value="@integer/google_play_services_version" />
215-->[com.google.android.gms:play-services-basement:17.0.0] AndroidManifest.xml:25:13-66
216
217        <service
217-->[com.google.android.datatransport:transport-backend-cct:2.2.0] AndroidManifest.xml:29:9-35:19
218            android:name="com.google.android.datatransport.runtime.backends.TransportBackendDiscovery"
218-->[com.google.android.datatransport:transport-backend-cct:2.2.0] AndroidManifest.xml:30:13-103
219            android:exported="false" >
219-->[com.google.android.datatransport:transport-backend-cct:2.2.0] AndroidManifest.xml:31:13-37
220            <meta-data
220-->[com.google.android.datatransport:transport-backend-cct:2.2.0] AndroidManifest.xml:32:13-34:39
221                android:name="backend:com.google.android.datatransport.cct.CctBackendFactory"
221-->[com.google.android.datatransport:transport-backend-cct:2.2.0] AndroidManifest.xml:33:17-94
222                android:value="cct" />
222-->[com.google.android.datatransport:transport-backend-cct:2.2.0] AndroidManifest.xml:34:17-36
223        </service>
224        <service
224-->[com.google.android.datatransport:transport-runtime:2.2.0] AndroidManifest.xml:26:9-30:19
225            android:name="com.google.android.datatransport.runtime.scheduling.jobscheduling.JobInfoSchedulerService"
225-->[com.google.android.datatransport:transport-runtime:2.2.0] AndroidManifest.xml:27:13-117
226            android:exported="false"
226-->[com.google.android.datatransport:transport-runtime:2.2.0] AndroidManifest.xml:28:13-37
227            android:permission="android.permission.BIND_JOB_SERVICE" >
227-->[com.google.android.datatransport:transport-runtime:2.2.0] AndroidManifest.xml:29:13-69
228        </service>
229
230        <receiver
230-->[com.google.android.datatransport:transport-runtime:2.2.0] AndroidManifest.xml:32:9-34:40
231            android:name="com.google.android.datatransport.runtime.scheduling.jobscheduling.AlarmManagerSchedulerBroadcastReceiver"
231-->[com.google.android.datatransport:transport-runtime:2.2.0] AndroidManifest.xml:33:13-132
232            android:exported="false" />
232-->[com.google.android.datatransport:transport-runtime:2.2.0] AndroidManifest.xml:34:13-37
233    </application>
234
235</manifest>